{
  "C:\\Proyectos\\nuestronido\\front\\hooks\\use-auth.ts": {
    "path": "C:\\Proyectos\\nuestronido\\front\\hooks\\use-auth.ts",
    "statementMap": {
      "0": { "start": { "line": 21, "column": 23 }, "end": { "line": 141, "column": null } },
      "1": { "start": { "line": 22, "column": 24 }, "end": { "line": 28, "column": null } },
      "2": { "start": { "line": 31, "column": 2 }, "end": { "line": 55, "column": null } },
      "3": { "start": { "line": 32, "column": 25 }, "end": { "line": 52, "column": null } },
      "4": { "start": { "line": 33, "column": 6 }, "end": { "line": 51, "column": null } },
      "5": { "start": { "line": 34, "column": 22 }, "end": { "line": 34, "column": null } },
      "6": { "start": { "line": 35, "column": 24 }, "end": { "line": 35, "column": null } },
      "7": { "start": { "line": 37, "column": 8 }, "end": { "line": 47, "column": null } },
      "8": { "start": { "line": 38, "column": 10 }, "end": { "line": 44, "column": null } },
      "9": { "start": { "line": 46, "column": 10 }, "end": { "line": 46, "column": null } },
      "10": { "start": { "line": 46, "column": 30 }, "end": { "line": 46, "column": 60 } },
      "11": { "start": { "line": 49, "column": 8 }, "end": { "line": 49, "column": null } },
      "12": { "start": { "line": 50, "column": 8 }, "end": { "line": 50, "column": null } },
      "13": { "start": { "line": 50, "column": 28 }, "end": { "line": 50, "column": 58 } },
      "14": { "start": { "line": 54, "column": 4 }, "end": { "line": 54, "column": null } },
      "15": { "start": { "line": 57, "column": 8 }, "end": { "line": 88, "column": null } },
      "16": { "start": { "line": 58, "column": 4 }, "end": { "line": 58, "column": null } },
      "17": { "start": { "line": 58, "column": 24 }, "end": { "line": 58, "column": 66 } },
      "18": { "start": { "line": 60, "column": 4 }, "end": { "line": 87, "column": null } },
      "19": { "start": { "line": 61, "column": 23 }, "end": { "line": 61, "column": null } },
      "20": { "start": { "line": 63, "column": 6 }, "end": { "line": 76, "column": null } },
      "21": { "start": { "line": 64, "column": 35 }, "end": { "line": 64, "column": null } },
      "22": { "start": { "line": 66, "column": 8 }, "end": { "line": 66, "column": null } },
      "23": { "start": { "line": 67, "column": 8 }, "end": { "line": 67, "column": null } },
      "24": { "start": { "line": 69, "column": 8 }, "end": { "line": 75, "column": null } },
      "25": { "start": { "line": 78, "column": 27 }, "end": { "line": 78, "column": null } },
      "26": { "start": { "line": 79, "column": 6 }, "end": { "line": 85, "column": null } },
      "27": { "start": { "line": 86, "column": 6 }, "end": { "line": 86, "column": null } },
      "28": { "start": { "line": 90, "column": 8 }, "end": { "line": 121, "column": null } },
      "29": { "start": { "line": 91, "column": 4 }, "end": { "line": 91, "column": null } },
      "30": { "start": { "line": 91, "column": 24 }, "end": { "line": 91, "column": 66 } },
      "31": { "start": { "line": 93, "column": 4 }, "end": { "line": 120, "column": null } },
      "32": { "start": { "line": 94, "column": 23 }, "end": { "line": 94, "column": null } },
      "33": { "start": { "line": 96, "column": 6 }, "end": { "line": 109, "column": null } },
      "34": { "start": { "line": 97, "column": 35 }, "end": { "line": 97, "column": null } },
      "35": { "start": { "line": 99, "column": 8 }, "end": { "line": 99, "column": null } },
      "36": { "start": { "line": 100, "column": 8 }, "end": { "line": 100, "column": null } },
      "37": { "start": { "line": 102, "column": 8 }, "end": { "line": 108, "column": null } },
      "38": { "start": { "line": 111, "column": 27 }, "end": { "line": 111, "column": null } },
      "39": { "start": { "line": 112, "column": 6 }, "end": { "line": 118, "column": null } },
      "40": { "start": { "line": 119, "column": 6 }, "end": { "line": 119, "column": null } },
      "41": { "start": { "line": 123, "column": 8 }, "end": { "line": 133, "column": null } },
      "42": { "start": { "line": 124, "column": 4 }, "end": { "line": 124, "column": null } },
      "43": { "start": { "line": 126, "column": 4 }, "end": { "line": 132, "column": null } },
      "44": { "start": { "line": 135, "column": 2 }, "end": { "line": 140, "column": null } }
    },
    "fnMap": {
      "0": {
        "name": "(anonymous_0)",
        "decl": { "start": { "line": 21, "column": 23 }, "end": { "line": 21, "column": 29 } },
        "loc": { "start": { "line": 21, "column": 29 }, "end": { "line": 141, "column": null } },
        "line": 21
      },
      "1": {
        "name": "(anonymous_1)",
        "decl": { "start": { "line": 31, "column": 12 }, "end": { "line": 31, "column": 18 } },
        "loc": { "start": { "line": 31, "column": 18 }, "end": { "line": 55, "column": 5 } },
        "line": 31
      },
      "2": {
        "name": "(anonymous_2)",
        "decl": { "start": { "line": 32, "column": 25 }, "end": { "line": 32, "column": 37 } },
        "loc": { "start": { "line": 32, "column": 37 }, "end": { "line": 52, "column": null } },
        "line": 32
      },
      "3": {
        "name": "(anonymous_3)",
        "decl": { "start": { "line": 46, "column": 19 }, "end": { "line": 46, "column": 20 } },
        "loc": { "start": { "line": 46, "column": 30 }, "end": { "line": 46, "column": 60 } },
        "line": 46
      },
      "4": {
        "name": "(anonymous_4)",
        "decl": { "start": { "line": 50, "column": 17 }, "end": { "line": 50, "column": 18 } },
        "loc": { "start": { "line": 50, "column": 28 }, "end": { "line": 50, "column": 58 } },
        "line": 50
      },
      "5": {
        "name": "(anonymous_5)",
        "decl": { "start": { "line": 57, "column": 28 }, "end": { "line": 57, "column": 35 } },
        "loc": { "start": { "line": 57, "column": 71 }, "end": { "line": 88, "column": 5 } },
        "line": 57
      },
      "6": {
        "name": "(anonymous_6)",
        "decl": { "start": { "line": 58, "column": 13 }, "end": { "line": 58, "column": 14 } },
        "loc": { "start": { "line": 58, "column": 24 }, "end": { "line": 58, "column": 66 } },
        "line": 58
      },
      "7": {
        "name": "(anonymous_7)",
        "decl": { "start": { "line": 90, "column": 31 }, "end": { "line": 90, "column": 38 } },
        "loc": { "start": { "line": 90, "column": 90 }, "end": { "line": 121, "column": 5 } },
        "line": 90
      },
      "8": {
        "name": "(anonymous_8)",
        "decl": { "start": { "line": 91, "column": 13 }, "end": { "line": 91, "column": 14 } },
        "loc": { "start": { "line": 91, "column": 24 }, "end": { "line": 91, "column": 66 } },
        "line": 91
      },
      "9": {
        "name": "(anonymous_9)",
        "decl": { "start": { "line": 123, "column": 29 }, "end": { "line": 123, "column": 35 } },
        "loc": { "start": { "line": 123, "column": 35 }, "end": { "line": 133, "column": 5 } },
        "line": 123
      }
    },
    "branchMap": {
      "0": {
        "loc": { "start": { "line": 37, "column": 8 }, "end": { "line": 47, "column": null } },
        "type": "if",
        "locations": [
          { "start": { "line": 37, "column": 8 }, "end": { "line": 47, "column": null } },
          { "start": { "line": 45, "column": 15 }, "end": { "line": 47, "column": null } }
        ],
        "line": 37
      },
      "1": {
        "loc": { "start": { "line": 37, "column": 12 }, "end": { "line": 37, "column": 30 } },
        "type": "binary-expr",
        "locations": [
          { "start": { "line": 37, "column": 12 }, "end": { "line": 37, "column": 21 } },
          { "start": { "line": 37, "column": 21 }, "end": { "line": 37, "column": 30 } }
        ],
        "line": 37
      },
      "2": {
        "loc": { "start": { "line": 63, "column": 6 }, "end": { "line": 76, "column": null } },
        "type": "if",
        "locations": [
          { "start": { "line": 63, "column": 6 }, "end": { "line": 76, "column": null } },
          { "start": {}, "end": {} }
        ],
        "line": 63
      },
      "3": {
        "loc": { "start": { "line": 63, "column": 10 }, "end": { "line": 63, "column": 45 } },
        "type": "binary-expr",
        "locations": [
          { "start": { "line": 63, "column": 10 }, "end": { "line": 63, "column": 30 } },
          { "start": { "line": 63, "column": 30 }, "end": { "line": 63, "column": 45 } }
        ],
        "line": 63
      },
      "4": {
        "loc": { "start": { "line": 78, "column": 27 }, "end": { "line": 78, "column": null } },
        "type": "cond-expr",
        "locations": [
          { "start": { "line": 78, "column": 52 }, "end": { "line": 78, "column": 68 } },
          { "start": { "line": 78, "column": 68 }, "end": { "line": 78, "column": null } }
        ],
        "line": 78
      },
      "5": {
        "loc": { "start": { "line": 96, "column": 6 }, "end": { "line": 109, "column": null } },
        "type": "if",
        "locations": [
          { "start": { "line": 96, "column": 6 }, "end": { "line": 109, "column": null } },
          { "start": {}, "end": {} }
        ],
        "line": 96
      },
      "6": {
        "loc": { "start": { "line": 96, "column": 10 }, "end": { "line": 96, "column": 45 } },
        "type": "binary-expr",
        "locations": [
          { "start": { "line": 96, "column": 10 }, "end": { "line": 96, "column": 30 } },
          { "start": { "line": 96, "column": 30 }, "end": { "line": 96, "column": 45 } }
        ],
        "line": 96
      },
      "7": {
        "loc": { "start": { "line": 111, "column": 27 }, "end": { "line": 111, "column": null } },
        "type": "cond-expr",
        "locations": [
          { "start": { "line": 111, "column": 52 }, "end": { "line": 111, "column": 68 } },
          { "start": { "line": 111, "column": 68 }, "end": { "line": 111, "column": null } }
        ],
        "line": 111
      }
    },
    "s": {
      "0": 1,
      "1": 21,
      "2": 21,
      "3": 8,
      "4": 8,
      "5": 8,
      "6": 8,
      "7": 8,
      "8": 2,
      "9": 5,
      "10": 5,
      "11": 1,
      "12": 1,
      "13": 1,
      "14": 8,
      "15": 21,
      "16": 2,
      "17": 2,
      "18": 2,
      "19": 2,
      "20": 1,
      "21": 1,
      "22": 1,
      "23": 1,
      "24": 1,
      "25": 1,
      "26": 1,
      "27": 1,
      "28": 21,
      "29": 2,
      "30": 2,
      "31": 2,
      "32": 2,
      "33": 1,
      "34": 1,
      "35": 1,
      "36": 1,
      "37": 1,
      "38": 1,
      "39": 1,
      "40": 1,
      "41": 21,
      "42": 1,
      "43": 1,
      "44": 21
    },
    "f": { "0": 21, "1": 8, "2": 8, "3": 5, "4": 1, "5": 2, "6": 2, "7": 2, "8": 2, "9": 1 },
    "b": {
      "0": [2, 5],
      "1": [8, 2],
      "2": [1, 0],
      "3": [1, 1],
      "4": [1, 0],
      "5": [1, 0],
      "6": [1, 1],
      "7": [1, 0]
    },
    "meta": {
      "lastBranch": 8,
      "lastFunction": 10,
      "lastStatement": 45,
      "seen": {
        "s:21:23:141:Infinity": 0,
        "f:21:23:21:29": 0,
        "s:22:24:28:Infinity": 1,
        "s:31:2:55:Infinity": 2,
        "f:31:12:31:18": 1,
        "s:32:25:52:Infinity": 3,
        "f:32:25:32:37": 2,
        "s:33:6:51:Infinity": 4,
        "s:34:22:34:Infinity": 5,
        "s:35:24:35:Infinity": 6,
        "b:37:8:47:Infinity:45:15:47:Infinity": 0,
        "s:37:8:47:Infinity": 7,
        "b:37:12:37:21:37:21:37:30": 1,
        "s:38:10:44:Infinity": 8,
        "s:46:10:46:Infinity": 9,
        "f:46:19:46:20": 3,
        "s:46:30:46:60": 10,
        "s:49:8:49:Infinity": 11,
        "s:50:8:50:Infinity": 12,
        "f:50:17:50:18": 4,
        "s:50:28:50:58": 13,
        "s:54:4:54:Infinity": 14,
        "s:57:8:88:Infinity": 15,
        "f:57:28:57:35": 5,
        "s:58:4:58:Infinity": 16,
        "f:58:13:58:14": 6,
        "s:58:24:58:66": 17,
        "s:60:4:87:Infinity": 18,
        "s:61:23:61:Infinity": 19,
        "b:63:6:76:Infinity:undefined:undefined:undefined:undefined": 2,
        "s:63:6:76:Infinity": 20,
        "b:63:10:63:30:63:30:63:45": 3,
        "s:64:35:64:Infinity": 21,
        "s:66:8:66:Infinity": 22,
        "s:67:8:67:Infinity": 23,
        "s:69:8:75:Infinity": 24,
        "s:78:27:78:Infinity": 25,
        "b:78:52:78:68:78:68:78:Infinity": 4,
        "s:79:6:85:Infinity": 26,
        "s:86:6:86:Infinity": 27,
        "s:90:8:121:Infinity": 28,
        "f:90:31:90:38": 7,
        "s:91:4:91:Infinity": 29,
        "f:91:13:91:14": 8,
        "s:91:24:91:66": 30,
        "s:93:4:120:Infinity": 31,
        "s:94:23:94:Infinity": 32,
        "b:96:6:109:Infinity:undefined:undefined:undefined:undefined": 5,
        "s:96:6:109:Infinity": 33,
        "b:96:10:96:30:96:30:96:45": 6,
        "s:97:35:97:Infinity": 34,
        "s:99:8:99:Infinity": 35,
        "s:100:8:100:Infinity": 36,
        "s:102:8:108:Infinity": 37,
        "s:111:27:111:Infinity": 38,
        "b:111:52:111:68:111:68:111:Infinity": 7,
        "s:112:6:118:Infinity": 39,
        "s:119:6:119:Infinity": 40,
        "s:123:8:133:Infinity": 41,
        "f:123:29:123:35": 9,
        "s:124:4:124:Infinity": 42,
        "s:126:4:132:Infinity": 43,
        "s:135:2:140:Infinity": 44
      }
    }
  }
}
